<?xml version="1.0" encoding="UTF-8"?>
<testsuite xmlns:xsi="http://www.w3.org/2001/XMLSchema-instance" xsi:noNamespaceSchemaLocation="https://maven.apache.org/surefire/maven-surefire-plugin/xsd/surefire-test-report-3.0.xsd" version="3.0" name="PlayerLogicTest" time="0.585" tests="8" errors="0" skipped="0" failures="0">
  <properties>
[...]
</properties>
  <testcase name="movePlayer" classname="PlayerLogicTest" time="0.569"/>
  <testcase name="setDirection" classname="PlayerLogicTest" time="0.002"/>
  <testcase name="setDirectionWithNul" classname="PlayerLogicTest" time="0.001"/>
  <testcase name="setSpawn" classname="PlayerLogicTest" time="0.001"/>
  <testcase name="PlayerLosesLive" classname="PlayerLogicTest" time="0.001"/>
  <testcase name="setMovement" classname="PlayerLogicTest" time="0.003"/>
  <testcase name="playerSetReady" classname="PlayerLogicTest" time="0.001"/>
  <testcase name="GetSpeedPowerUp" classname="PlayerLogicTest" time="0.001"/>
</testsuite>